<?xml version="1.0" encoding="UTF-8"?>
<!-- Generated by org.testng.reporters.JUnitReportReporter -->
<testsuite hostname="Abhijeets-MacBook-Air.local" failures="0" tests="1" name="Pom.ErrorValidation" time="3.680" errors="0" timestamp="2024-04-05T17:55:20 IST" skipped="0">
  <testcase classname="Pom.ErrorValidation" name="submitOrder" time="3.680"/>
</testsuite> <!-- Pom.ErrorValidation -->
