<?xml version="1.0" encoding="UTF-8"?>
<!-- Generated by org.testng.reporters.JUnitReportReporter -->
<testsuite hostname="Abhijeets-MacBook-Air.local" failures="0" tests="1" name="Pom.ErrorValidation" time="3.017" errors="0" timestamp="2023-10-19T02:14:42 IST" skipped="0">
  <testcase classname="Pom.ErrorValidation" name="submitOrder" time="3.017"/>
</testsuite> <!-- Pom.ErrorValidation -->
