<?xml version="1.0" encoding="UTF-8"?>
<!-- Generated by org.testng.reporters.JUnitReportReporter -->
<testsuite hostname="Abhijeets-MacBook-Air.local" failures="0" tests="1" name="Pom.ErrorValidation" time="2.419" errors="0" timestamp="2024-04-05T18:08:40 IST" skipped="0">
  <testcase classname="Pom.ErrorValidation" name="submitOrder" time="2.419"/>
</testsuite> <!-- Pom.ErrorValidation -->
